<?xml version="1.0" encoding="UTF-8"?>
<!-- Generated by org.testng.reporters.JUnitXMLReporter -->
<testsuite hostname="BASILs-MacBook-Pro.local" name="Open Account Test" tests="1" failures="0" timestamp="2 Dec 2017 19:37:49 GMT" time="0.001" errors="0">
  <testcase name="@BeforeSuite setUp" time="0.0" classname="com.ebafni.testcases.OpenAccountTest">
    <failure type="java.lang.IllegalStateException" message="The driver is not executable: /Users/basildzewu/Documents/workspace/Selenium/DataDrivenFramework/src/test/resources/executables/chromedriver">
      <![CDATA[java.lang.IllegalStateException: The driver is not executable: /Users/basildzewu/Documents/workspace/Selenium/DataDrivenFramework/src/test/resources/executables/chromedriver
	at com.google.common.base.Preconditions.checkState(Preconditions.java:199)
	at org.openqa.selenium.remote.service.DriverService.checkExecutable(DriverService.java:125)
	at org.openqa.selenium.remote.service.DriverService.findExecutable(DriverService.java:116)
	at org.openqa.selenium.chrome.ChromeDriverService.access$000(ChromeDriverService.java:32)
	at org.openqa.selenium.chrome.ChromeDriverService$Builder.findDefaultExecutable(ChromeDriverService.java:137)
	at org.openqa.selenium.remote.service.DriverService$Builder.build(DriverService.java:296)
	at org.openqa.selenium.chrome.ChromeDriverService.createDefaultService(ChromeDriverService.java:88)
	at org.openqa.selenium.chrome.ChromeDriver.<init>(ChromeDriver.java:116)
	at com.ebafni.base.TestBase.setUp(TestBase.java:99)
... Removed 18 stack frames]]>
    </failure>
  </testcase> <!-- @BeforeSuite setUp -->
  <testcase name="openAccountTest" time="0.0" classname="com.ebafni.testcases.OpenAccountTest">
    <skipped/>
  </testcase> <!-- openAccountTest -->
</testsuite> <!-- Open Account Test -->
